<?xml version="1.0" encoding="UTF-8"?>
<!-- Generated by org.testng.reporters.JUnitReportReporter -->
<testsuite hostname="LAPTOP-S8KVD42F" failures="0" tests="1" name="testcasesdataofRediff.LoginTest" time="27.516" errors="0" timestamp="2023-11-08T16:47:37 GMT-05:00" skipped="0">
  <testcase classname="testcasesdataofRediff.LoginTest" name="verifyingLoginWithNoCredentials" time="27.516"/>
</testsuite> <!-- testcasesdataofRediff.LoginTest -->
